2018-10-01 16:42:23,414 DEBUG Max number of rows: 17
2018-10-01 16:42:23,415 DEBUG Total number of rows: 17
2018-10-01 16:42:23,415 DEBUG Total number of columns: 2
2018-10-01 16:42:23,416 DEBUG Requesting1 row:2, column:0, max_row:17, max_column:7
2018-10-01 16:42:23,416 DEBUG [Not assigned]
2018-10-01 16:42:23,416 DEBUG Requesting2 row:2, column:1, max_row:17, max_column:7
2018-10-01 16:42:23,417 DEBUG Value read: DCF Liq Alts
2018-10-01 16:42:23,417 DEBUG Cell value: DCF Liq Alts
2018-10-01 16:42:23,418 DEBUG Cell text is: DCF Liq Alts
2018-10-01 16:42:23,418 DEBUG AddedDCF Liq Alts
2018-10-01 16:42:23,418 DEBUG Requesting1 row:2, column:1, max_row:17, max_column:7
2018-10-01 16:42:23,419 DEBUG [Not assigned]
2018-10-01 16:42:23,419 DEBUG Requesting2 row:2, column:2, max_row:17, max_column:7
2018-10-01 16:42:23,420 DEBUG Value read: GB91051017,GB91051018,GB91051019,GB91051020,GB91051021,GB91051022,GB91051023,GB91051025,GB91051026,GB91051027,GB91051028,GB91051029,GB91051038,GB91051031,GB91051032,GB91051033,GB95286001,GB95286002,GB95286003,GB95286004
2018-10-01 16:42:23,420 DEBUG Cell value: GB91051017,GB91051018,GB91051019,GB91051020,GB91051021,GB91051022,GB91051023,GB91051025,GB91051026,GB91051027,GB91051028,GB91051029,GB91051038,GB91051031,GB91051032,GB91051033,GB95286001,GB95286002,GB95286003,GB95286004
2018-10-01 16:42:23,421 DEBUG Cell text is: GB91051017,GB91051018,GB91051019,GB91051020,GB91051021,GB91051022,GB91051023,GB91051025,GB91051026,GB91051027,GB91051028,GB91051029,GB91051038,GB91051031,GB91051032,GB91051033,GB95286001,GB95286002,GB95286003,GB95286004
2018-10-01 16:42:23,421 DEBUG AddedGB91051017,GB91051018,GB91051019,GB91051020,GB91051021,GB91051022,GB91051023,GB91051025,GB91051026,GB91051027,GB91051028,GB91051029,GB91051038,GB91051031,GB91051032,GB91051033,GB95286001,GB95286002,GB95286003,GB95286004
2018-10-01 16:42:23,421 DEBUG Requesting1 row:3, column:0, max_row:17, max_column:7
2018-10-01 16:42:23,422 DEBUG [Not assigned]
2018-10-01 16:42:23,422 DEBUG Requesting2 row:3, column:1, max_row:17, max_column:7
2018-10-01 16:42:23,423 DEBUG Value read: SRBS Strategic Beta
2018-10-01 16:42:23,423 DEBUG Cell value: SRBS Strategic Beta
2018-10-01 16:42:23,424 DEBUG Cell text is: SRBS Strategic Beta
2018-10-01 16:42:23,424 DEBUG AddedSRBS Strategic Beta
2018-10-01 16:42:23,424 DEBUG Requesting1 row:3, column:1, max_row:17, max_column:7
2018-10-01 16:42:23,425 DEBUG [Not assigned]
2018-10-01 16:42:23,425 DEBUG Requesting2 row:3, column:2, max_row:17, max_column:7
2018-10-01 16:42:23,426 DEBUG Value read: GB94077082,GB94077081,GB94077080,GB94077079,GB94077078,GB94077077,GB94077076,GB94077075,GB94077074,GB94077073,GB94077072,GB94077071,GB94077070,GB94077069,GB94077068,GB94077067,GB94077066,GB94077065,GB94077064,GB94077063,GB94077062,GB94077061,GB94077060,GB94077059,GB94077058,GB94077057,GB94077056,GB94077055,GB94077054,GB94077053,GB94077052,GB94077051,GB94077050,GB94077049,GB94077048,GB94077047,GB94077046,GB94077045,GB94077044,GB94077043,GB94077042,GB94077041,GB94077040,GB94077039,GB94077038,GB94077037,GB94077036,GB94077035,GB94077034,GB94077033,GB94077032,GB94077031,GB94077030,GB94077029,GB94077028,GB94077027,GB94077026,GB94077025,GB94077024,GB94077023,GB94077022,GB94077021,GB94077020,GB94077019,GB94077018,GB94077017,GB94077016,GB94077015,GB94077014,GB94077013,GB94077012,GB94077011,GB94077010,GB94077009,GB94077008,GB94077007,GB94077006,GB94077005,GB94077004,GB94077003,GB94077002,GB94077001
2018-10-01 16:42:23,426 DEBUG Cell value: GB94077082,GB94077081,GB94077080,GB94077079,GB94077078,GB94077077,GB94077076,GB94077075,GB94077074,GB94077073,GB94077072,GB94077071,GB94077070,GB94077069,GB94077068,GB94077067,GB94077066,GB94077065,GB94077064,GB94077063,GB94077062,GB94077061,GB94077060,GB94077059,GB94077058,GB94077057,GB94077056,GB94077055,GB94077054,GB94077053,GB94077052,GB94077051,GB94077050,GB94077049,GB94077048,GB94077047,GB94077046,GB94077045,GB94077044,GB94077043,GB94077042,GB94077041,GB94077040,GB94077039,GB94077038,GB94077037,GB94077036,GB94077035,GB94077034,GB94077033,GB94077032,GB94077031,GB94077030,GB94077029,GB94077028,GB94077027,GB94077026,GB94077025,GB94077024,GB94077023,GB94077022,GB94077021,GB94077020,GB94077019,GB94077018,GB94077017,GB94077016,GB94077015,GB94077014,GB94077013,GB94077012,GB94077011,GB94077010,GB94077009,GB94077008,GB94077007,GB94077006,GB94077005,GB94077004,GB94077003,GB94077002,GB94077001
2018-10-01 16:42:23,427 DEBUG Cell text is: GB94077082,GB94077081,GB94077080,GB94077079,GB94077078,GB94077077,GB94077076,GB94077075,GB94077074,GB94077073,GB94077072,GB94077071,GB94077070,GB94077069,GB94077068,GB94077067,GB94077066,GB94077065,GB94077064,GB94077063,GB94077062,GB94077061,GB94077060,GB94077059,GB94077058,GB94077057,GB94077056,GB94077055,GB94077054,GB94077053,GB94077052,GB94077051,GB94077050,GB94077049,GB94077048,GB94077047,GB94077046,GB94077045,GB94077044,GB94077043,GB94077042,GB94077041,GB94077040,GB94077039,GB94077038,GB94077037,GB94077036,GB94077035,GB94077034,GB94077033,GB94077032,GB94077031,GB94077030,GB94077029,GB94077028,GB94077027,GB94077026,GB94077025,GB94077024,GB94077023,GB94077022,GB94077021,GB94077020,GB94077019,GB94077018,GB94077017,GB94077016,GB94077015,GB94077014,GB94077013,GB94077012,GB94077011,GB94077010,GB94077009,GB94077008,GB94077007,GB94077006,GB94077005,GB94077004,GB94077003,GB94077002,GB94077001
2018-10-01 16:42:23,427 DEBUG AddedGB94077082,GB94077081,GB94077080,GB94077079,GB94077078,GB94077077,GB94077076,GB94077075,GB94077074,GB94077073,GB94077072,GB94077071,GB94077070,GB94077069,GB94077068,GB94077067,GB94077066,GB94077065,GB94077064,GB94077063,GB94077062,GB94077061,GB94077060,GB94077059,GB94077058,GB94077057,GB94077056,GB94077055,GB94077054,GB94077053,GB94077052,GB94077051,GB94077050,GB94077049,GB94077048,GB94077047,GB94077046,GB94077045,GB94077044,GB94077043,GB94077042,GB94077041,GB94077040,GB94077039,GB94077038,GB94077037,GB94077036,GB94077035,GB94077034,GB94077033,GB94077032,GB94077031,GB94077030,GB94077029,GB94077028,GB94077027,GB94077026,GB94077025,GB94077024,GB94077023,GB94077022,GB94077021,GB94077020,GB94077019,GB94077018,GB94077017,GB94077016,GB94077015,GB94077014,GB94077013,GB94077012,GB94077011,GB94077010,GB94077009,GB94077008,GB94077007,GB94077006,GB94077005,GB94077004,GB94077003,GB94077002,GB94077001
2018-10-01 16:42:23,427 DEBUG Requesting1 row:4, column:0, max_row:17, max_column:7
2018-10-01 16:42:23,428 DEBUG [Not assigned]
2018-10-01 16:42:23,428 DEBUG Requesting2 row:4, column:1, max_row:17, max_column:7
2018-10-01 16:42:23,429 DEBUG Value read: None
2018-10-01 16:42:23,429 DEBUG Cell value: 
2018-10-01 16:42:23,430 DEBUG Cell text is: 
2018-10-01 16:42:23,430 DEBUG Requesting1 row:4, column:1, max_row:17, max_column:7
2018-10-01 16:42:23,430 DEBUG [Not assigned]
2018-10-01 16:42:23,431 DEBUG Requesting2 row:4, column:2, max_row:17, max_column:7
2018-10-01 16:42:23,432 DEBUG Value read: None
2018-10-01 16:42:23,432 DEBUG Cell value: 
2018-10-01 16:42:23,432 DEBUG Cell text is: 
2018-10-01 16:42:23,433 DEBUG Requesting1 row:5, column:0, max_row:17, max_column:7
2018-10-01 16:42:23,433 DEBUG [Not assigned]
2018-10-01 16:42:23,433 DEBUG Requesting2 row:5, column:1, max_row:17, max_column:7
2018-10-01 16:42:23,434 DEBUG Value read: None
2018-10-01 16:42:23,434 DEBUG Cell value: 
2018-10-01 16:42:23,435 DEBUG Cell text is: 
2018-10-01 16:42:23,435 DEBUG Requesting1 row:5, column:1, max_row:17, max_column:7
2018-10-01 16:42:23,435 DEBUG [Not assigned]
2018-10-01 16:42:23,436 DEBUG Requesting2 row:5, column:2, max_row:17, max_column:7
2018-10-01 16:42:23,436 DEBUG Value read: None
2018-10-01 16:42:23,437 DEBUG Cell value: 
2018-10-01 16:42:23,437 DEBUG Cell text is: 
2018-10-01 16:42:23,438 DEBUG Requesting1 row:6, column:0, max_row:17, max_column:7
2018-10-01 16:42:23,438 DEBUG [Not assigned]
2018-10-01 16:42:23,439 DEBUG Requesting2 row:6, column:1, max_row:17, max_column:7
2018-10-01 16:42:23,439 DEBUG Value read: None
2018-10-01 16:42:23,440 DEBUG Cell value: 
2018-10-01 16:42:23,440 DEBUG Cell text is: 
2018-10-01 16:42:23,440 DEBUG Requesting1 row:6, column:1, max_row:17, max_column:7
2018-10-01 16:42:23,441 DEBUG [Not assigned]
2018-10-01 16:42:23,441 DEBUG Requesting2 row:6, column:2, max_row:17, max_column:7
2018-10-01 16:42:23,442 DEBUG Value read: None
2018-10-01 16:42:23,443 DEBUG Cell value: 
2018-10-01 16:42:23,443 DEBUG Cell text is: 
2018-10-01 16:42:23,444 DEBUG Requesting1 row:7, column:0, max_row:17, max_column:7
2018-10-01 16:42:23,444 DEBUG [Not assigned]
2018-10-01 16:42:23,444 DEBUG Requesting2 row:7, column:1, max_row:17, max_column:7
2018-10-01 16:42:23,445 DEBUG Value read: None
2018-10-01 16:42:23,446 DEBUG Cell value: 
2018-10-01 16:42:23,447 DEBUG Cell text is: 
2018-10-01 16:42:23,447 DEBUG Requesting1 row:7, column:1, max_row:17, max_column:7
2018-10-01 16:42:23,448 DEBUG [Not assigned]
2018-10-01 16:42:23,448 DEBUG Requesting2 row:7, column:2, max_row:17, max_column:7
2018-10-01 16:42:23,449 DEBUG Value read: None
2018-10-01 16:42:23,449 DEBUG Cell value: 
2018-10-01 16:42:23,450 DEBUG Cell text is: 
2018-10-01 16:42:23,450 DEBUG Requesting1 row:8, column:0, max_row:17, max_column:7
2018-10-01 16:42:23,450 DEBUG [Not assigned]
2018-10-01 16:42:23,451 DEBUG Requesting2 row:8, column:1, max_row:17, max_column:7
2018-10-01 16:42:23,451 DEBUG Value read: None
2018-10-01 16:42:23,452 DEBUG Cell value: 
2018-10-01 16:42:23,452 DEBUG Cell text is: 
2018-10-01 16:42:23,453 DEBUG Requesting1 row:8, column:1, max_row:17, max_column:7
2018-10-01 16:42:23,453 DEBUG [Not assigned]
2018-10-01 16:42:23,454 DEBUG Requesting2 row:8, column:2, max_row:17, max_column:7
2018-10-01 16:42:23,454 DEBUG Value read: None
2018-10-01 16:42:23,455 DEBUG Cell value: 
2018-10-01 16:42:23,455 DEBUG Cell text is: 
2018-10-01 16:42:23,456 DEBUG Requesting1 row:9, column:0, max_row:17, max_column:7
2018-10-01 16:42:23,456 DEBUG [Not assigned]
2018-10-01 16:42:23,457 DEBUG Requesting2 row:9, column:1, max_row:17, max_column:7
2018-10-01 16:42:23,458 DEBUG Value read: None
2018-10-01 16:42:23,458 DEBUG Cell value: 
2018-10-01 16:42:23,458 DEBUG Cell text is: 
2018-10-01 16:42:23,459 DEBUG Requesting1 row:9, column:1, max_row:17, max_column:7
2018-10-01 16:42:23,459 DEBUG [Not assigned]
2018-10-01 16:42:23,460 DEBUG Requesting2 row:9, column:2, max_row:17, max_column:7
2018-10-01 16:42:23,461 DEBUG Value read: None
2018-10-01 16:42:23,461 DEBUG Cell value: 
2018-10-01 16:42:23,461 DEBUG Cell text is: 
2018-10-01 16:42:23,462 DEBUG Requesting1 row:10, column:0, max_row:17, max_column:7
2018-10-01 16:42:23,462 DEBUG [Not assigned]
2018-10-01 16:42:23,463 DEBUG Requesting2 row:10, column:1, max_row:17, max_column:7
2018-10-01 16:42:23,463 DEBUG Value read: None
2018-10-01 16:42:23,464 DEBUG Cell value: 
2018-10-01 16:42:23,464 DEBUG Cell text is: 
2018-10-01 16:42:23,464 DEBUG Requesting1 row:10, column:1, max_row:17, max_column:7
2018-10-01 16:42:23,465 DEBUG [Not assigned]
2018-10-01 16:42:23,465 DEBUG Requesting2 row:10, column:2, max_row:17, max_column:7
2018-10-01 16:42:23,466 DEBUG Value read: None
2018-10-01 16:42:23,467 DEBUG Cell value: 
2018-10-01 16:42:23,467 DEBUG Cell text is: 
2018-10-01 16:42:23,468 DEBUG Requesting1 row:11, column:0, max_row:17, max_column:7
2018-10-01 16:42:23,468 DEBUG [Not assigned]
2018-10-01 16:42:23,468 DEBUG Requesting2 row:11, column:1, max_row:17, max_column:7
2018-10-01 16:42:23,469 DEBUG Value read: None
2018-10-01 16:42:23,470 DEBUG Cell value: 
2018-10-01 16:42:23,470 DEBUG Cell text is: 
2018-10-01 16:42:23,470 DEBUG Requesting1 row:11, column:1, max_row:17, max_column:7
2018-10-01 16:42:23,471 DEBUG [Not assigned]
2018-10-01 16:42:23,471 DEBUG Requesting2 row:11, column:2, max_row:17, max_column:7
2018-10-01 16:42:23,472 DEBUG Value read: None
2018-10-01 16:42:23,472 DEBUG Cell value: 
2018-10-01 16:42:23,473 DEBUG Cell text is: 
2018-10-01 16:42:23,473 DEBUG Requesting1 row:12, column:0, max_row:17, max_column:7
2018-10-01 16:42:23,474 DEBUG [Not assigned]
2018-10-01 16:42:23,474 DEBUG Requesting2 row:12, column:1, max_row:17, max_column:7
2018-10-01 16:42:23,475 DEBUG Value read: None
2018-10-01 16:42:23,476 DEBUG Cell value: 
2018-10-01 16:42:23,476 DEBUG Cell text is: 
2018-10-01 16:42:23,476 DEBUG Requesting1 row:12, column:1, max_row:17, max_column:7
2018-10-01 16:42:23,477 DEBUG [Not assigned]
2018-10-01 16:42:23,477 DEBUG Requesting2 row:12, column:2, max_row:17, max_column:7
2018-10-01 16:42:23,478 DEBUG Value read: None
2018-10-01 16:42:23,479 DEBUG Cell value: 
2018-10-01 16:42:23,479 DEBUG Cell text is: 
2018-10-01 16:42:23,480 DEBUG Requesting1 row:13, column:0, max_row:17, max_column:7
2018-10-01 16:42:23,480 DEBUG [Not assigned]
2018-10-01 16:42:23,480 DEBUG Requesting2 row:13, column:1, max_row:17, max_column:7
2018-10-01 16:42:23,481 DEBUG Value read: None
2018-10-01 16:42:23,482 DEBUG Cell value: 
2018-10-01 16:42:23,482 DEBUG Cell text is: 
2018-10-01 16:42:23,482 DEBUG Requesting1 row:13, column:1, max_row:17, max_column:7
2018-10-01 16:42:23,483 DEBUG [Not assigned]
2018-10-01 16:42:23,483 DEBUG Requesting2 row:13, column:2, max_row:17, max_column:7
2018-10-01 16:42:23,484 DEBUG Value read: None
2018-10-01 16:42:23,485 DEBUG Cell value: 
2018-10-01 16:42:23,485 DEBUG Cell text is: 
2018-10-01 16:42:23,486 DEBUG Requesting1 row:14, column:0, max_row:17, max_column:7
2018-10-01 16:42:23,486 DEBUG [Not assigned]
2018-10-01 16:42:23,486 DEBUG Requesting2 row:14, column:1, max_row:17, max_column:7
2018-10-01 16:42:23,487 DEBUG Value read: None
2018-10-01 16:42:23,488 DEBUG Cell value: 
2018-10-01 16:42:23,488 DEBUG Cell text is: 
2018-10-01 16:42:23,489 DEBUG Requesting1 row:14, column:1, max_row:17, max_column:7
2018-10-01 16:42:23,489 DEBUG [Not assigned]
2018-10-01 16:42:23,490 DEBUG Requesting2 row:14, column:2, max_row:17, max_column:7
2018-10-01 16:42:23,490 DEBUG Value read: None
2018-10-01 16:42:23,491 DEBUG Cell value: 
2018-10-01 16:42:23,491 DEBUG Cell text is: 
2018-10-01 16:42:23,492 DEBUG Requesting1 row:15, column:0, max_row:17, max_column:7
2018-10-01 16:42:23,492 DEBUG [Not assigned]
2018-10-01 16:42:23,493 DEBUG Requesting2 row:15, column:1, max_row:17, max_column:7
2018-10-01 16:42:23,494 DEBUG Value read: None
2018-10-01 16:42:23,494 DEBUG Cell value: 
2018-10-01 16:42:23,495 DEBUG Cell text is: 
2018-10-01 16:42:23,495 DEBUG Requesting1 row:15, column:1, max_row:17, max_column:7
2018-10-01 16:42:23,495 DEBUG [Not assigned]
2018-10-01 16:42:23,496 DEBUG Requesting2 row:15, column:2, max_row:17, max_column:7
2018-10-01 16:42:23,497 DEBUG Value read: None
2018-10-01 16:42:23,498 DEBUG Cell value: 
2018-10-01 16:42:23,498 DEBUG Cell text is: 
2018-10-01 16:42:23,498 DEBUG Requesting1 row:16, column:0, max_row:17, max_column:7
2018-10-01 16:42:23,499 DEBUG [Not assigned]
2018-10-01 16:42:23,499 DEBUG Requesting2 row:16, column:1, max_row:17, max_column:7
2018-10-01 16:42:23,500 DEBUG Value read: None
2018-10-01 16:42:23,501 DEBUG Cell value: 
2018-10-01 16:42:23,501 DEBUG Cell text is: 
2018-10-01 16:42:23,502 DEBUG Requesting1 row:16, column:1, max_row:17, max_column:7
2018-10-01 16:42:23,502 DEBUG [Not assigned]
2018-10-01 16:42:23,503 DEBUG Requesting2 row:16, column:2, max_row:17, max_column:7
2018-10-01 16:42:23,504 DEBUG Value read: None
2018-10-01 16:42:23,504 DEBUG Cell value: 
2018-10-01 16:42:23,505 DEBUG Cell text is: 
2018-10-01 16:42:23,506 DEBUG Requesting1 row:17, column:0, max_row:17, max_column:7
2018-10-01 16:42:23,506 DEBUG [Not assigned]
2018-10-01 16:42:23,507 DEBUG Requesting2 row:17, column:1, max_row:17, max_column:7
2018-10-01 16:42:23,507 DEBUG Cell out of bounds17
2018-10-01 16:42:23,508 DEBUG Cell value: [Not assigned]
2018-10-01 16:42:23,508 DEBUG Cell text is: [Not assigned]
2018-10-01 16:42:23,508 DEBUG Added[Not assigned]
2018-10-01 16:42:23,509 DEBUG Requesting1 row:17, column:1, max_row:17, max_column:7
2018-10-01 16:42:23,509 DEBUG [Not assigned]
2018-10-01 16:42:23,510 DEBUG Requesting2 row:17, column:2, max_row:17, max_column:7
2018-10-01 16:42:23,510 DEBUG Cell out of bounds17
2018-10-01 16:42:23,511 DEBUG Cell value: [Not assigned]
2018-10-01 16:42:23,511 DEBUG Cell text is: [Not assigned]
2018-10-01 16:42:23,512 DEBUG Added[Not assigned]
