2018-10-01 16:42:23,943 DEBUG Max number of rows: 19
2018-10-01 16:42:23,943 DEBUG Total number of rows: 19
2018-10-01 16:42:23,944 DEBUG Total number of columns: 3
2018-10-01 16:42:23,944 DEBUG Requesting1 row:2, column:0, max_row:19, max_column:6
2018-10-01 16:42:23,944 DEBUG [Not assigned]
2018-10-01 16:42:23,945 DEBUG Requesting2 row:2, column:1, max_row:19, max_column:6
2018-10-01 16:42:23,946 DEBUG Value read: QCU6 Index
2018-10-01 16:42:23,946 DEBUG Cell value: QCU6 Index
2018-10-01 16:42:23,947 DEBUG Cell text is: QCU6 Index
2018-10-01 16:42:23,947 DEBUG AddedQCU6 Index
2018-10-01 16:42:23,947 DEBUG Requesting1 row:2, column:1, max_row:19, max_column:6
2018-10-01 16:42:23,948 DEBUG [Not assigned]
2018-10-01 16:42:23,948 DEBUG Requesting2 row:2, column:2, max_row:19, max_column:6
2018-10-01 16:42:23,949 DEBUG Value read: SSE OMXS30 INDEX FUTURE SEPTEMBER 2016 (QCU6)
2018-10-01 16:42:23,949 DEBUG Cell value: SSE OMXS30 INDEX FUTURE SEPTEMBER 2016 (QCU6)
2018-10-01 16:42:23,950 DEBUG Cell text is: SSE OMXS30 INDEX FUTURE SEPTEMBER 2016 (QCU6)
2018-10-01 16:42:23,950 DEBUG AddedSSE OMXS30 INDEX FUTURE SEPTEMBER 2016 (QCU6)
2018-10-01 16:42:23,951 DEBUG Requesting1 row:2, column:2, max_row:19, max_column:6
2018-10-01 16:42:23,951 DEBUG [Not assigned]
2018-10-01 16:42:23,952 DEBUG Requesting2 row:2, column:3, max_row:19, max_column:6
2018-10-01 16:42:23,953 DEBUG Value read: 11679270
2018-10-01 16:42:23,953 DEBUG Cell value: 11679270
2018-10-01 16:42:23,953 DEBUG Cell text is: 11679270
2018-10-01 16:42:23,954 DEBUG Added11679270
2018-10-01 16:42:23,954 DEBUG Requesting1 row:3, column:0, max_row:19, max_column:6
2018-10-01 16:42:23,954 DEBUG [Not assigned]
2018-10-01 16:42:23,955 DEBUG Requesting2 row:3, column:1, max_row:19, max_column:6
2018-10-01 16:42:23,955 DEBUG Value read: QCU6 Comdty
2018-10-01 16:42:23,956 DEBUG Cell value: QCU6 Comdty
2018-10-01 16:42:23,956 DEBUG Cell text is: QCU6 Comdty
2018-10-01 16:42:23,956 DEBUG AddedQCU6 Comdty
2018-10-01 16:42:23,957 DEBUG Requesting1 row:3, column:1, max_row:19, max_column:6
2018-10-01 16:42:23,957 DEBUG [Not assigned]
2018-10-01 16:42:23,957 DEBUG Requesting2 row:3, column:2, max_row:19, max_column:6
2018-10-01 16:42:23,958 DEBUG Value read: ICE COCOA FUTURE SEPTEMBER 2016 (QCU6)
2018-10-01 16:42:23,959 DEBUG Cell value: ICE COCOA FUTURE SEPTEMBER 2016 (QCU6)
2018-10-01 16:42:23,959 DEBUG Cell text is: ICE COCOA FUTURE SEPTEMBER 2016 (QCU6)
2018-10-01 16:42:23,959 DEBUG AddedICE COCOA FUTURE SEPTEMBER 2016 (QCU6)
2018-10-01 16:42:23,960 DEBUG Requesting1 row:3, column:2, max_row:19, max_column:6
2018-10-01 16:42:23,960 DEBUG [Not assigned]
2018-10-01 16:42:23,960 DEBUG Requesting2 row:3, column:3, max_row:19, max_column:6
2018-10-01 16:42:23,961 DEBUG Value read: 11355692
2018-10-01 16:42:23,961 DEBUG Cell value: 11355692
2018-10-01 16:42:23,962 DEBUG Cell text is: 11355692
2018-10-01 16:42:23,962 DEBUG Added11355692
2018-10-01 16:42:23,962 DEBUG Requesting1 row:4, column:0, max_row:19, max_column:6
2018-10-01 16:42:23,963 DEBUG [Not assigned]
2018-10-01 16:42:23,963 DEBUG Requesting2 row:4, column:1, max_row:19, max_column:6
2018-10-01 16:42:23,964 DEBUG Value read: SMU6 Comdty
2018-10-01 16:42:23,964 DEBUG Cell value: SMU6 Comdty
2018-10-01 16:42:23,965 DEBUG Cell text is: SMU6 Comdty
2018-10-01 16:42:23,965 DEBUG AddedSMU6 Comdty
2018-10-01 16:42:23,965 DEBUG Requesting1 row:4, column:1, max_row:19, max_column:6
2018-10-01 16:42:23,966 DEBUG [Not assigned]
2018-10-01 16:42:23,966 DEBUG Requesting2 row:4, column:2, max_row:19, max_column:6
2018-10-01 16:42:23,967 DEBUG Value read: CBT SOYBEAN MEAL FUTURE SEPTEMBER 2016 (SMU6)
2018-10-01 16:42:23,967 DEBUG Cell value: CBT SOYBEAN MEAL FUTURE SEPTEMBER 2016 (SMU6)
2018-10-01 16:42:23,968 DEBUG Cell text is: CBT SOYBEAN MEAL FUTURE SEPTEMBER 2016 (SMU6)
2018-10-01 16:42:23,968 DEBUG AddedCBT SOYBEAN MEAL FUTURE SEPTEMBER 2016 (SMU6)
2018-10-01 16:42:23,968 DEBUG Requesting1 row:4, column:2, max_row:19, max_column:6
2018-10-01 16:42:23,969 DEBUG [Not assigned]
2018-10-01 16:42:23,969 DEBUG Requesting2 row:4, column:3, max_row:19, max_column:6
2018-10-01 16:42:23,970 DEBUG Value read: 11355644
2018-10-01 16:42:23,970 DEBUG Cell value: 11355644
2018-10-01 16:42:23,971 DEBUG Cell text is: 11355644
2018-10-01 16:42:23,971 DEBUG Added11355644
2018-10-01 16:42:23,971 DEBUG Requesting1 row:5, column:0, max_row:19, max_column:6
2018-10-01 16:42:23,972 DEBUG [Not assigned]
2018-10-01 16:42:23,972 DEBUG Requesting2 row:5, column:1, max_row:19, max_column:6
2018-10-01 16:42:23,973 DEBUG Value read: SMZ7 Index
2018-10-01 16:42:23,973 DEBUG Cell value: SMZ7 Index
2018-10-01 16:42:23,973 DEBUG Cell text is: SMZ7 Index
2018-10-01 16:42:23,974 DEBUG AddedSMZ7 Index
2018-10-01 16:42:23,974 DEBUG Requesting1 row:5, column:1, max_row:19, max_column:6
2018-10-01 16:42:23,974 DEBUG [Not assigned]
2018-10-01 16:42:23,975 DEBUG Requesting2 row:5, column:2, max_row:19, max_column:6
2018-10-01 16:42:23,975 DEBUG Value read: EUX SWISS MARKET INDEX FUTURE SEPTEMBER 2016 (SMU6)
2018-10-01 16:42:23,976 DEBUG Cell value: EUX SWISS MARKET INDEX FUTURE SEPTEMBER 2016 (SMU6)
2018-10-01 16:42:23,976 DEBUG Cell text is: EUX SWISS MARKET INDEX FUTURE SEPTEMBER 2016 (SMU6)
2018-10-01 16:42:23,976 DEBUG AddedEUX SWISS MARKET INDEX FUTURE SEPTEMBER 2016 (SMU6)
2018-10-01 16:42:23,977 DEBUG Requesting1 row:5, column:2, max_row:19, max_column:6
2018-10-01 16:42:23,977 DEBUG [Not assigned]
2018-10-01 16:42:23,977 DEBUG Requesting2 row:5, column:3, max_row:19, max_column:6
2018-10-01 16:42:23,978 DEBUG Value read: 11871698
2018-10-01 16:42:23,979 DEBUG Cell value: 11871698
2018-10-01 16:42:23,979 DEBUG Cell text is: 11871698
2018-10-01 16:42:23,979 DEBUG Added11871698
2018-10-01 16:42:23,980 DEBUG Requesting1 row:6, column:0, max_row:19, max_column:6
2018-10-01 16:42:23,980 DEBUG [Not assigned]
2018-10-01 16:42:23,980 DEBUG Requesting2 row:6, column:1, max_row:19, max_column:6
2018-10-01 16:42:23,981 DEBUG Value read: HIU6 Index
2018-10-01 16:42:23,981 DEBUG Cell value: HIU6 Index
2018-10-01 16:42:23,982 DEBUG Cell text is: HIU6 Index
2018-10-01 16:42:23,982 DEBUG AddedHIU6 Index
2018-10-01 16:42:23,983 DEBUG Requesting1 row:6, column:1, max_row:19, max_column:6
2018-10-01 16:42:23,983 DEBUG [Not assigned]
2018-10-01 16:42:23,983 DEBUG Requesting2 row:6, column:2, max_row:19, max_column:6
2018-10-01 16:42:23,984 DEBUG Value read: HKG HANG SENG INDEX FUTURE SEPTEMBER 2016 (HIU6)
2018-10-01 16:42:23,984 DEBUG Cell value: HKG HANG SENG INDEX FUTURE SEPTEMBER 2016 (HIU6)
2018-10-01 16:42:23,984 DEBUG Cell text is: HKG HANG SENG INDEX FUTURE SEPTEMBER 2016 (HIU6)
2018-10-01 16:42:23,985 DEBUG AddedHKG HANG SENG INDEX FUTURE SEPTEMBER 2016 (HIU6)
2018-10-01 16:42:23,985 DEBUG Requesting1 row:6, column:2, max_row:19, max_column:6
2018-10-01 16:42:23,985 DEBUG [Not assigned]
2018-10-01 16:42:23,986 DEBUG Requesting2 row:6, column:3, max_row:19, max_column:6
2018-10-01 16:42:23,987 DEBUG Value read: 11679264
2018-10-01 16:42:23,987 DEBUG Cell value: 11679264
2018-10-01 16:42:23,987 DEBUG Cell text is: 11679264
2018-10-01 16:42:23,988 DEBUG Added11679264
2018-10-01 16:42:23,988 DEBUG Requesting1 row:7, column:0, max_row:19, max_column:6
2018-10-01 16:42:23,988 DEBUG [Not assigned]
2018-10-01 16:42:23,989 DEBUG Requesting2 row:7, column:1, max_row:19, max_column:6
2018-10-01 16:42:23,989 DEBUG Value read: XMZ6 Index
2018-10-01 16:42:23,990 DEBUG Cell value: XMZ6 Index
2018-10-01 16:42:23,990 DEBUG Cell text is: XMZ6 Index
2018-10-01 16:42:23,990 DEBUG AddedXMZ6 Index
2018-10-01 16:42:23,991 DEBUG Requesting1 row:7, column:1, max_row:19, max_column:6
2018-10-01 16:42:23,991 DEBUG [Not assigned]
2018-10-01 16:42:23,991 DEBUG Requesting2 row:7, column:2, max_row:19, max_column:6
2018-10-01 16:42:23,992 DEBUG Value read: SFE AUSTRALIA 10 YEAR BOND FUTURE DECEMBER 2016 (XMZ6)
2018-10-01 16:42:23,992 DEBUG Cell value: SFE AUSTRALIA 10 YEAR BOND FUTURE DECEMBER 2016 (XMZ6)
2018-10-01 16:42:23,993 DEBUG Cell text is: SFE AUSTRALIA 10 YEAR BOND FUTURE DECEMBER 2016 (XMZ6)
2018-10-01 16:42:23,993 DEBUG AddedSFE AUSTRALIA 10 YEAR BOND FUTURE DECEMBER 2016 (XMZ6)
2018-10-01 16:42:23,994 DEBUG Requesting1 row:7, column:2, max_row:19, max_column:6
2018-10-01 16:42:23,994 DEBUG [Not assigned]
2018-10-01 16:42:23,994 DEBUG Requesting2 row:7, column:3, max_row:19, max_column:6
2018-10-01 16:42:23,995 DEBUG Value read: 11698014
2018-10-01 16:42:23,995 DEBUG Cell value: 11698014
2018-10-01 16:42:23,995 DEBUG Cell text is: 11698014
2018-10-01 16:42:23,996 DEBUG Added11698014
2018-10-01 16:42:23,996 DEBUG Requesting1 row:8, column:0, max_row:19, max_column:6
2018-10-01 16:42:23,996 DEBUG [Not assigned]
2018-10-01 16:42:23,997 DEBUG Requesting2 row:8, column:1, max_row:19, max_column:6
2018-10-01 16:42:23,997 DEBUG Value read: 5086577
2018-10-01 16:42:23,998 DEBUG Cell value: 5086577
2018-10-01 16:42:23,998 DEBUG Cell text is: 5086577
2018-10-01 16:42:23,998 DEBUG Added5086577
2018-10-01 16:42:23,999 DEBUG Requesting1 row:8, column:1, max_row:19, max_column:6
2018-10-01 16:42:23,999 DEBUG [Not assigned]
2018-10-01 16:42:23,999 DEBUG Requesting2 row:8, column:2, max_row:19, max_column:6
2018-10-01 16:42:24,000 DEBUG Value read: BASF SE NPV (REGISTERED)
2018-10-01 16:42:24,001 DEBUG Cell value: BASF SE NPV (REGISTERED)
2018-10-01 16:42:24,001 DEBUG Cell text is: BASF SE NPV (REGISTERED)
2018-10-01 16:42:24,001 DEBUG AddedBASF SE NPV (REGISTERED)
2018-10-01 16:42:24,002 DEBUG Requesting1 row:8, column:2, max_row:19, max_column:6
2018-10-01 16:42:24,002 DEBUG [Not assigned]
2018-10-01 16:42:24,002 DEBUG Requesting2 row:8, column:3, max_row:19, max_column:6
2018-10-01 16:42:24,003 DEBUG Value read: 10002463
2018-10-01 16:42:24,004 DEBUG Cell value: 10002463
2018-10-01 16:42:24,004 DEBUG Cell text is: 10002463
2018-10-01 16:42:24,004 DEBUG Added10002463
2018-10-01 16:42:24,005 DEBUG Requesting1 row:9, column:0, max_row:19, max_column:6
2018-10-01 16:42:24,005 DEBUG [Not assigned]
2018-10-01 16:42:24,005 DEBUG Requesting2 row:9, column:1, max_row:19, max_column:6
2018-10-01 16:42:24,006 DEBUG Value read: SMH7 Index
2018-10-01 16:42:24,006 DEBUG Cell value: SMH7 Index
2018-10-01 16:42:24,007 DEBUG Cell text is: SMH7 Index
2018-10-01 16:42:24,007 DEBUG AddedSMH7 Index
2018-10-01 16:42:24,008 DEBUG Requesting1 row:9, column:1, max_row:19, max_column:6
2018-10-01 16:42:24,008 DEBUG [Not assigned]
2018-10-01 16:42:24,008 DEBUG Requesting2 row:9, column:2, max_row:19, max_column:6
2018-10-01 16:42:24,009 DEBUG Value read: EUX SWISS MARKET INDEX FUTURE MARCH 2017 (SMH7)
2018-10-01 16:42:24,010 DEBUG Cell value: EUX SWISS MARKET INDEX FUTURE MARCH 2017 (SMH7)
2018-10-01 16:42:24,010 DEBUG Cell text is: EUX SWISS MARKET INDEX FUTURE MARCH 2017 (SMH7)
2018-10-01 16:42:24,010 DEBUG AddedEUX SWISS MARKET INDEX FUTURE MARCH 2017 (SMH7)
2018-10-01 16:42:24,011 DEBUG Requesting1 row:9, column:2, max_row:19, max_column:6
2018-10-01 16:42:24,011 DEBUG [Not assigned]
2018-10-01 16:42:24,011 DEBUG Requesting2 row:9, column:3, max_row:19, max_column:6
2018-10-01 16:42:24,012 DEBUG Value read: 11767326
2018-10-01 16:42:24,012 DEBUG Cell value: 11767326
2018-10-01 16:42:24,013 DEBUG Cell text is: 11767326
2018-10-01 16:42:24,013 DEBUG Added11767326
2018-10-01 16:42:24,013 DEBUG Requesting1 row:10, column:0, max_row:19, max_column:6
2018-10-01 16:42:24,015 DEBUG [Not assigned]
2018-10-01 16:42:24,015 DEBUG Requesting2 row:10, column:1, max_row:19, max_column:6
2018-10-01 16:42:24,015 DEBUG Value read: QCH7 Index
2018-10-01 16:42:24,016 DEBUG Cell value: QCH7 Index
2018-10-01 16:42:24,016 DEBUG Cell text is: QCH7 Index
2018-10-01 16:42:24,016 DEBUG AddedQCH7 Index
2018-10-01 16:42:24,017 DEBUG Requesting1 row:10, column:1, max_row:19, max_column:6
2018-10-01 16:42:24,017 DEBUG [Not assigned]
2018-10-01 16:42:24,017 DEBUG Requesting2 row:10, column:2, max_row:19, max_column:6
2018-10-01 16:42:24,018 DEBUG Value read: SSE OMXS30 INDEX FUTURE MARCH 2017 (QCH7)
2018-10-01 16:42:24,018 DEBUG Cell value: SSE OMXS30 INDEX FUTURE MARCH 2017 (QCH7)
2018-10-01 16:42:24,019 DEBUG Cell text is: SSE OMXS30 INDEX FUTURE MARCH 2017 (QCH7)
2018-10-01 16:42:24,019 DEBUG AddedSSE OMXS30 INDEX FUTURE MARCH 2017 (QCH7)
2018-10-01 16:42:24,019 DEBUG Requesting1 row:10, column:2, max_row:19, max_column:6
2018-10-01 16:42:24,020 DEBUG [Not assigned]
2018-10-01 16:42:24,020 DEBUG Requesting2 row:10, column:3, max_row:19, max_column:6
2018-10-01 16:42:24,021 DEBUG Value read: 11767329
2018-10-01 16:42:24,021 DEBUG Cell value: 11767329
2018-10-01 16:42:24,021 DEBUG Cell text is: 11767329
2018-10-01 16:42:24,022 DEBUG Added11767329
2018-10-01 16:42:24,022 DEBUG Requesting1 row:11, column:0, max_row:19, max_column:6
2018-10-01 16:42:24,022 DEBUG [Not assigned]
2018-10-01 16:42:24,023 DEBUG Requesting2 row:11, column:1, max_row:19, max_column:6
2018-10-01 16:42:24,023 DEBUG Value read: QCK7 Index
2018-10-01 16:42:24,024 DEBUG Cell value: QCK7 Index
2018-10-01 16:42:24,024 DEBUG Cell text is: QCK7 Index
2018-10-01 16:42:24,024 DEBUG AddedQCK7 Index
2018-10-01 16:42:24,025 DEBUG Requesting1 row:11, column:1, max_row:19, max_column:6
2018-10-01 16:42:24,025 DEBUG [Not assigned]
2018-10-01 16:42:24,025 DEBUG Requesting2 row:11, column:2, max_row:19, max_column:6
2018-10-01 16:42:24,026 DEBUG Value read: SSE OMXS30 INDEX FUTURE MAY 2017 (QCK7)
2018-10-01 16:42:24,026 DEBUG Cell value: SSE OMXS30 INDEX FUTURE MAY 2017 (QCK7)
2018-10-01 16:42:24,027 DEBUG Cell text is: SSE OMXS30 INDEX FUTURE MAY 2017 (QCK7)
2018-10-01 16:42:24,027 DEBUG AddedSSE OMXS30 INDEX FUTURE MAY 2017 (QCK7)
2018-10-01 16:42:24,027 DEBUG Requesting1 row:11, column:2, max_row:19, max_column:6
2018-10-01 16:42:24,028 DEBUG [Not assigned]
2018-10-01 16:42:24,028 DEBUG Requesting2 row:11, column:3, max_row:19, max_column:6
2018-10-01 16:42:24,029 DEBUG Value read: 11829523
2018-10-01 16:42:24,029 DEBUG Cell value: 11829523
2018-10-01 16:42:24,029 DEBUG Cell text is: 11829523
2018-10-01 16:42:24,030 DEBUG Added11829523
2018-10-01 16:42:24,030 DEBUG Requesting1 row:12, column:0, max_row:19, max_column:6
2018-10-01 16:42:24,030 DEBUG [Not assigned]
2018-10-01 16:42:24,031 DEBUG Requesting2 row:12, column:1, max_row:19, max_column:6
2018-10-01 16:42:24,031 DEBUG Value read: QCN7 Index
2018-10-01 16:42:24,032 DEBUG Cell value: QCN7 Index
2018-10-01 16:42:24,032 DEBUG Cell text is: QCN7 Index
2018-10-01 16:42:24,033 DEBUG AddedQCN7 Index
2018-10-01 16:42:24,033 DEBUG Requesting1 row:12, column:1, max_row:19, max_column:6
2018-10-01 16:42:24,033 DEBUG [Not assigned]
2018-10-01 16:42:24,033 DEBUG Requesting2 row:12, column:2, max_row:19, max_column:6
2018-10-01 16:42:24,034 DEBUG Value read: SSE OMXS30 INDEX FUTURE JULY 2017 (QCK7)
2018-10-01 16:42:24,035 DEBUG Cell value: SSE OMXS30 INDEX FUTURE JULY 2017 (QCK7)
2018-10-01 16:42:24,035 DEBUG Cell text is: SSE OMXS30 INDEX FUTURE JULY 2017 (QCK7)
2018-10-01 16:42:24,035 DEBUG AddedSSE OMXS30 INDEX FUTURE JULY 2017 (QCK7)
2018-10-01 16:42:24,036 DEBUG Requesting1 row:12, column:2, max_row:19, max_column:6
2018-10-01 16:42:24,036 DEBUG [Not assigned]
2018-10-01 16:42:24,036 DEBUG Requesting2 row:12, column:3, max_row:19, max_column:6
2018-10-01 16:42:24,037 DEBUG Value read: 11858162
2018-10-01 16:42:24,037 DEBUG Cell value: 11858162
2018-10-01 16:42:24,038 DEBUG Cell text is: 11858162
2018-10-01 16:42:24,038 DEBUG Added11858162
2018-10-01 16:42:24,038 DEBUG Requesting1 row:13, column:0, max_row:19, max_column:6
2018-10-01 16:42:24,039 DEBUG [Not assigned]
2018-10-01 16:42:24,039 DEBUG Requesting2 row:13, column:1, max_row:19, max_column:6
2018-10-01 16:42:24,040 DEBUG Value read: QCU7 Index
2018-10-01 16:42:24,040 DEBUG Cell value: QCU7 Index
2018-10-01 16:42:24,041 DEBUG Cell text is: QCU7 Index
2018-10-01 16:42:24,041 DEBUG AddedQCU7 Index
2018-10-01 16:42:24,041 DEBUG Requesting1 row:13, column:1, max_row:19, max_column:6
2018-10-01 16:42:24,042 DEBUG [Not assigned]
2018-10-01 16:42:24,042 DEBUG Requesting2 row:13, column:2, max_row:19, max_column:6
2018-10-01 16:42:24,043 DEBUG Value read: SSE OMXS30 INDEX FUTURE SEPTEMBER 2017 (QCU7)
2018-10-01 16:42:24,043 DEBUG Cell value: SSE OMXS30 INDEX FUTURE SEPTEMBER 2017 (QCU7)
2018-10-01 16:42:24,043 DEBUG Cell text is: SSE OMXS30 INDEX FUTURE SEPTEMBER 2017 (QCU7)
2018-10-01 16:42:24,044 DEBUG AddedSSE OMXS30 INDEX FUTURE SEPTEMBER 2017 (QCU7)
2018-10-01 16:42:24,044 DEBUG Requesting1 row:13, column:2, max_row:19, max_column:6
2018-10-01 16:42:24,044 DEBUG [Not assigned]
2018-10-01 16:42:24,045 DEBUG Requesting2 row:13, column:3, max_row:19, max_column:6
2018-10-01 16:42:24,045 DEBUG Value read: 11819938
2018-10-01 16:42:24,046 DEBUG Cell value: 11819938
2018-10-01 16:42:24,046 DEBUG Cell text is: 11819938
2018-10-01 16:42:24,046 DEBUG Added11819938
2018-10-01 16:42:24,047 DEBUG Requesting1 row:14, column:0, max_row:19, max_column:6
2018-10-01 16:42:24,047 DEBUG [Not assigned]
2018-10-01 16:42:24,047 DEBUG Requesting2 row:14, column:1, max_row:19, max_column:6
2018-10-01 16:42:24,048 DEBUG Value read: BJM7 Comdty
2018-10-01 16:42:24,048 DEBUG Cell value: BJM7 Comdty
2018-10-01 16:42:24,049 DEBUG Cell text is: BJM7 Comdty
2018-10-01 16:42:24,049 DEBUG AddedBJM7 Comdty
2018-10-01 16:42:24,049 DEBUG Requesting1 row:14, column:1, max_row:19, max_column:6
2018-10-01 16:42:24,050 DEBUG [Not assigned]
2018-10-01 16:42:24,050 DEBUG Requesting2 row:14, column:2, max_row:19, max_column:6
2018-10-01 16:42:24,051 DEBUG Value read: SGX JAPAN 10 YEAR MINI BOND FUTURE JUNE 2017 (BJM7)
2018-10-01 16:42:24,051 DEBUG Cell value: SGX JAPAN 10 YEAR MINI BOND FUTURE JUNE 2017 (BJM7)
2018-10-01 16:42:24,052 DEBUG Cell text is: SGX JAPAN 10 YEAR MINI BOND FUTURE JUNE 2017 (BJM7)
2018-10-01 16:42:24,052 DEBUG AddedSGX JAPAN 10 YEAR MINI BOND FUTURE JUNE 2017 (BJM7)
2018-10-01 16:42:24,052 DEBUG Requesting1 row:14, column:2, max_row:19, max_column:6
2018-10-01 16:42:24,053 DEBUG [Not assigned]
2018-10-01 16:42:24,053 DEBUG Requesting2 row:14, column:3, max_row:19, max_column:6
2018-10-01 16:42:24,054 DEBUG Value read: 11776706
2018-10-01 16:42:24,055 DEBUG Cell value: 11776706
2018-10-01 16:42:24,055 DEBUG Cell text is: 11776706
2018-10-01 16:42:24,055 DEBUG Added11776706
2018-10-01 16:42:24,056 DEBUG Requesting1 row:15, column:0, max_row:19, max_column:6
2018-10-01 16:42:24,056 DEBUG [Not assigned]
2018-10-01 16:42:24,056 DEBUG Requesting2 row:15, column:1, max_row:19, max_column:6
2018-10-01 16:42:24,057 DEBUG Value read: BJU7 Comdty
2018-10-01 16:42:24,058 DEBUG Cell value: BJU7 Comdty
2018-10-01 16:42:24,058 DEBUG Cell text is: BJU7 Comdty
2018-10-01 16:42:24,058 DEBUG AddedBJU7 Comdty
2018-10-01 16:42:24,059 DEBUG Requesting1 row:15, column:1, max_row:19, max_column:6
2018-10-01 16:42:24,059 DEBUG [Not assigned]
2018-10-01 16:42:24,059 DEBUG Requesting2 row:15, column:2, max_row:19, max_column:6
2018-10-01 16:42:24,060 DEBUG Value read: SGX JAPAN 10 YEAR MINI BOND FUTURE SEPTEMBER 2017 (BJU7)
2018-10-01 16:42:24,061 DEBUG Cell value: SGX JAPAN 10 YEAR MINI BOND FUTURE SEPTEMBER 2017 (BJU7)
2018-10-01 16:42:24,061 DEBUG Cell text is: SGX JAPAN 10 YEAR MINI BOND FUTURE SEPTEMBER 2017 (BJU7)
2018-10-01 16:42:24,061 DEBUG AddedSGX JAPAN 10 YEAR MINI BOND FUTURE SEPTEMBER 2017 (BJU7)
2018-10-01 16:42:24,062 DEBUG Requesting1 row:15, column:2, max_row:19, max_column:6
2018-10-01 16:42:24,062 DEBUG [Not assigned]
2018-10-01 16:42:24,062 DEBUG Requesting2 row:15, column:3, max_row:19, max_column:6
2018-10-01 16:42:24,063 DEBUG Value read: 11820034
2018-10-01 16:42:24,064 DEBUG Cell value: 11820034
2018-10-01 16:42:24,064 DEBUG Cell text is: 11820034
2018-10-01 16:42:24,064 DEBUG Added11820034
2018-10-01 16:42:24,065 DEBUG Requesting1 row:16, column:0, max_row:19, max_column:6
2018-10-01 16:42:24,065 DEBUG [Not assigned]
2018-10-01 16:42:24,065 DEBUG Requesting2 row:16, column:1, max_row:19, max_column:6
2018-10-01 16:42:24,066 DEBUG Value read: QCZ7 Index
2018-10-01 16:42:24,067 DEBUG Cell value: QCZ7 Index
2018-10-01 16:42:24,067 DEBUG Cell text is: QCZ7 Index
2018-10-01 16:42:24,068 DEBUG AddedQCZ7 Index
2018-10-01 16:42:24,068 DEBUG Requesting1 row:16, column:1, max_row:19, max_column:6
2018-10-01 16:42:24,068 DEBUG [Not assigned]
2018-10-01 16:42:24,069 DEBUG Requesting2 row:16, column:2, max_row:19, max_column:6
2018-10-01 16:42:24,070 DEBUG Value read: SSE OMXS30 INDEX FUTURE DECEMBER 2017 (QCZ7)
2018-10-01 16:42:24,070 DEBUG Cell value: SSE OMXS30 INDEX FUTURE DECEMBER 2017 (QCZ7)
2018-10-01 16:42:24,071 DEBUG Cell text is: SSE OMXS30 INDEX FUTURE DECEMBER 2017 (QCZ7)
2018-10-01 16:42:24,071 DEBUG AddedSSE OMXS30 INDEX FUTURE DECEMBER 2017 (QCZ7)
2018-10-01 16:42:24,071 DEBUG Requesting1 row:16, column:2, max_row:19, max_column:6
2018-10-01 16:42:24,072 DEBUG [Not assigned]
2018-10-01 16:42:24,072 DEBUG Requesting2 row:16, column:3, max_row:19, max_column:6
2018-10-01 16:42:24,073 DEBUG Value read: 11871815
2018-10-01 16:42:24,073 DEBUG Cell value: 11871815
2018-10-01 16:42:24,074 DEBUG Cell text is: 11871815
2018-10-01 16:42:24,074 DEBUG Added11871815
2018-10-01 16:42:24,074 DEBUG Requesting1 row:17, column:0, max_row:19, max_column:6
2018-10-01 16:42:24,075 DEBUG [Not assigned]
2018-10-01 16:42:24,075 DEBUG Requesting2 row:17, column:1, max_row:19, max_column:6
2018-10-01 16:42:24,076 DEBUG Value read: QCH8 Index
2018-10-01 16:42:24,076 DEBUG Cell value: QCH8 Index
2018-10-01 16:42:24,076 DEBUG Cell text is: QCH8 Index
2018-10-01 16:42:24,077 DEBUG AddedQCH8 Index
2018-10-01 16:42:24,077 DEBUG Requesting1 row:17, column:1, max_row:19, max_column:6
2018-10-01 16:42:24,077 DEBUG [Not assigned]
2018-10-01 16:42:24,078 DEBUG Requesting2 row:17, column:2, max_row:19, max_column:6
2018-10-01 16:42:24,079 DEBUG Value read: SSE OMXS30 INDEX FUTURE MARCH 2018 (QCH8)
2018-10-01 16:42:24,079 DEBUG Cell value: SSE OMXS30 INDEX FUTURE MARCH 2018 (QCH8)
2018-10-01 16:42:24,079 DEBUG Cell text is: SSE OMXS30 INDEX FUTURE MARCH 2018 (QCH8)
2018-10-01 16:42:24,079 DEBUG AddedSSE OMXS30 INDEX FUTURE MARCH 2018 (QCH8)
2018-10-01 16:42:24,080 DEBUG Requesting1 row:17, column:2, max_row:19, max_column:6
2018-10-01 16:42:24,080 DEBUG [Not assigned]
2018-10-01 16:42:24,080 DEBUG Requesting2 row:17, column:3, max_row:19, max_column:6
2018-10-01 16:42:24,081 DEBUG Value read: 11932509
2018-10-01 16:42:24,082 DEBUG Cell value: 11932509
2018-10-01 16:42:24,082 DEBUG Cell text is: 11932509
2018-10-01 16:42:24,082 DEBUG Added11932509
2018-10-01 16:42:24,083 DEBUG Requesting1 row:18, column:0, max_row:19, max_column:6
2018-10-01 16:42:24,083 DEBUG [Not assigned]
2018-10-01 16:42:24,083 DEBUG Requesting2 row:18, column:1, max_row:19, max_column:6
2018-10-01 16:42:24,084 DEBUG Value read: QCK8 Index
2018-10-01 16:42:24,084 DEBUG Cell value: QCK8 Index
2018-10-01 16:42:24,085 DEBUG Cell text is: QCK8 Index
2018-10-01 16:42:24,085 DEBUG AddedQCK8 Index
2018-10-01 16:42:24,086 DEBUG Requesting1 row:18, column:1, max_row:19, max_column:6
2018-10-01 16:42:24,086 DEBUG [Not assigned]
2018-10-01 16:42:24,086 DEBUG Requesting2 row:18, column:2, max_row:19, max_column:6
2018-10-01 16:42:24,087 DEBUG Value read: SSE OMXS30 INDEX FUTURE MAY 2018 (QCK8)
2018-10-01 16:42:24,088 DEBUG Cell value: SSE OMXS30 INDEX FUTURE MAY 2018 (QCK8)
2018-10-01 16:42:24,088 DEBUG Cell text is: SSE OMXS30 INDEX FUTURE MAY 2018 (QCK8)
2018-10-01 16:42:24,089 DEBUG AddedSSE OMXS30 INDEX FUTURE MAY 2018 (QCK8)
2018-10-01 16:42:24,089 DEBUG Requesting1 row:18, column:2, max_row:19, max_column:6
2018-10-01 16:42:24,089 DEBUG [Not assigned]
2018-10-01 16:42:24,090 DEBUG Requesting2 row:18, column:3, max_row:19, max_column:6
2018-10-01 16:42:24,091 DEBUG Value read: 12248277
2018-10-01 16:42:24,091 DEBUG Cell value: 12248277
2018-10-01 16:42:24,092 DEBUG Cell text is: 12248277
2018-10-01 16:42:24,092 DEBUG Added12248277
2018-10-01 16:42:24,092 DEBUG Requesting1 row:19, column:0, max_row:19, max_column:6
2018-10-01 16:42:24,093 DEBUG [Not assigned]
2018-10-01 16:42:24,093 DEBUG Requesting2 row:19, column:1, max_row:19, max_column:6
2018-10-01 16:42:24,093 DEBUG Cell out of bounds19
2018-10-01 16:42:24,094 DEBUG Cell value: [Not assigned]
2018-10-01 16:42:24,094 DEBUG Cell text is: [Not assigned]
2018-10-01 16:42:24,095 DEBUG Added[Not assigned]
2018-10-01 16:42:24,095 DEBUG Requesting1 row:19, column:1, max_row:19, max_column:6
2018-10-01 16:42:24,095 DEBUG [Not assigned]
2018-10-01 16:42:24,096 DEBUG Requesting2 row:19, column:2, max_row:19, max_column:6
2018-10-01 16:42:24,096 DEBUG Cell out of bounds19
2018-10-01 16:42:24,096 DEBUG Cell value: [Not assigned]
2018-10-01 16:42:24,097 DEBUG Cell text is: [Not assigned]
2018-10-01 16:42:24,097 DEBUG Added[Not assigned]
2018-10-01 16:42:24,097 DEBUG Requesting1 row:19, column:2, max_row:19, max_column:6
2018-10-01 16:42:24,098 DEBUG [Not assigned]
2018-10-01 16:42:24,098 DEBUG Requesting2 row:19, column:3, max_row:19, max_column:6
2018-10-01 16:42:24,098 DEBUG Cell out of bounds19
2018-10-01 16:42:24,099 DEBUG Cell value: [Not assigned]
2018-10-01 16:42:24,099 DEBUG Cell text is: [Not assigned]
2018-10-01 16:42:24,099 DEBUG Added[Not assigned]
